[0m[[0m[0mdebug[0m] [0m[0m> Exec(compile, None, None)[0m
[0m[[0m[0mdebug[0m] [0m[0mEvaluating tasks: Compile / compile[0m
[0m[[0m[0mdebug[0m] [0m[0mRunning task... Cancel: Signal, check cycles: false, forcegc: true[0m
[0m[[0m[0minfo[0m] [0m[0mcompiling 1 Scala source to /Users/pupipatsingkhorn/Library/CloudStorage/GoogleDrive-6210054308@student.triamudom.ac.th/My Drive/Y2/Prog Lang Prin/scala workspace/Quiz/target/scala-2.13/classes ...[0m
[0m[[0m[31merror[0m] [0m[0m/Users/pupipatsingkhorn/Library/CloudStorage/GoogleDrive-6210054308@student.triamudom.ac.th/My Drive/Y2/Prog Lang Prin/scala workspace/Quiz/src/main/scala/Quiz/quiz2022_sec01_1.scala:16:13: not found: value partition[0m
[0m[[0m[31merror[0m] [0m[0m    println(partition(l1,f1)) // List(List(1, 3, 5), List(2, 4))[0m
[0m[[0m[31merror[0m] [0m[0m            ^[0m
[0m[[0m[31merror[0m] [0m[0m/Users/pupipatsingkhorn/Library/CloudStorage/GoogleDrive-6210054308@student.triamudom.ac.th/My Drive/Y2/Prog Lang Prin/scala workspace/Quiz/src/main/scala/Quiz/quiz2022_sec01_1.scala:16:26: missing argument list for method f1 in object quiz2022_sec01_1[0m
[0m[[0m[31merror[0m] [0m[0mUnapplied methods are only converted to functions when a function type is expected.[0m
[0m[[0m[31merror[0m] [0m[0mYou can make this conversion explicit by writing `f1 _` or `f1(_)` instead of `f1`.[0m
[0m[[0m[31merror[0m] [0m[0m    println(partition(l1,f1)) // List(List(1, 3, 5), List(2, 4))[0m
[0m[[0m[31merror[0m] [0m[0m                         ^[0m
[0m[[0m[31merror[0m] [0m[0m/Users/pupipatsingkhorn/Library/CloudStorage/GoogleDrive-6210054308@student.triamudom.ac.th/My Drive/Y2/Prog Lang Prin/scala workspace/Quiz/src/main/scala/Quiz/quiz2022_sec01_1.scala:17:13: not found: value partition[0m
[0m[[0m[31merror[0m] [0m[0m    println(partition(l1,f2)) // List(List(4, 5), List(1, 2, 3))[0m
[0m[[0m[31merror[0m] [0m[0m            ^[0m
[0m[[0m[31merror[0m] [0m[0m/Users/pupipatsingkhorn/Library/CloudStorage/GoogleDrive-6210054308@student.triamudom.ac.th/My Drive/Y2/Prog Lang Prin/scala workspace/Quiz/src/main/scala/Quiz/quiz2022_sec01_1.scala:17:26: missing argument list for method f2 in object quiz2022_sec01_1[0m
[0m[[0m[31merror[0m] [0m[0mUnapplied methods are only converted to functions when a function type is expected.[0m
[0m[[0m[31merror[0m] [0m[0mYou can make this conversion explicit by writing `f2 _` or `f2(_)` instead of `f2`.[0m
[0m[[0m[31merror[0m] [0m[0m    println(partition(l1,f2)) // List(List(4, 5), List(1, 2, 3))[0m
[0m[[0m[31merror[0m] [0m[0m                         ^[0m
[0m[[0m[31merror[0m] [0m[0m/Users/pupipatsingkhorn/Library/CloudStorage/GoogleDrive-6210054308@student.triamudom.ac.th/My Drive/Y2/Prog Lang Prin/scala workspace/Quiz/src/main/scala/Quiz/quiz2022_sec01_1.scala:18:13: not found: value partition[0m
[0m[[0m[31merror[0m] [0m[0m    println(partition(l1,(x => x==0))) // List(List(), List(1, 2, 3, 4, 5))[0m
[0m[[0m[31merror[0m] [0m[0m            ^[0m
[0m[[0m[31merror[0m] [0m[0m/Users/pupipatsingkhorn/Library/CloudStorage/GoogleDrive-6210054308@student.triamudom.ac.th/My Drive/Y2/Prog Lang Prin/scala workspace/Quiz/src/main/scala/Quiz/quiz2022_sec01_1.scala:19:13: not found: value partition[0m
[0m[[0m[31merror[0m] [0m[0m    println(partition(l1,(x => x<6))) // List(List(1, 2, 3, 4, 5), List())[0m
[0m[[0m[31merror[0m] [0m[0m            ^[0m
[0m[[0m[31merror[0m] [0m[0m6 errors found[0m
[0m[[0m[31merror[0m] [0m[0m(Compile / [31mcompileIncremental[0m) Compilation failed[0m
[0m[[0m[31merror[0m] [0m[0mTotal time: 0 s, completed Jan 28, 2024, 2:35:43 PM[0m
[0m[[0m[0mdebug[0m] [0m[0m> Exec(idea-shell, None, None)[0m
